Build started 11/12/2014 6:43:35 PM.
     1>Project "C:\Users\Robert\OneDrive\School\University of Washington - Bothell\CSS 342\Assignments\Homework 4\Homework 4\Homework 4.vcxproj" on node 2 (Build target(s)).
     1>ClCompile:
         C:\Program Files (x86)\Microsoft Visual Studio 12.0\VC\bin\CL.exe /c /Zi /nologo /W3 /WX- /O2 /Oi /Oy- /GL /D WIN32 /D NDEBUG /D _CONSOLE /D _LIB /D _UNICODE /D UNICODE /Gm- /EHsc /MD /GS /Gy /fp:precise /Zc:wchar_t /Zc:forScope /Fo"Release\\" /Fd"Release\vc120.pdb" /Gd /TP /analyze- /errorReport:prompt "Homework 4.cpp"
         Homework 4.cpp
     1>c:\users\robert\onedrive\school\university of washington - bothell\css 342\assignments\homework 4\homework 4\SortImpls.h(22): warning C4018: '<' : signed/unsigned mismatch
     1>c:\users\robert\onedrive\school\university of washington - bothell\css 342\assignments\homework 4\homework 4\SortImpls.h(24): warning C4018: '<' : signed/unsigned mismatch
     1>c:\users\robert\onedrive\school\university of washington - bothell\css 342\assignments\homework 4\homework 4\SortImpls.h(43): warning C4018: '<' : signed/unsigned mismatch
     1>c:\users\robert\onedrive\school\university of washington - bothell\css 342\assignments\homework 4\homework 4\SortImpls.h(73): warning C4018: '>' : signed/unsigned mismatch
     1>c:\users\robert\onedrive\school\university of washington - bothell\css 342\assignments\homework 4\homework 4\SortImpls.h(140): warning C4018: '<' : signed/unsigned mismatch
     1>c:\users\robert\onedrive\school\university of washington - bothell\css 342\assignments\homework 4\homework 4\SortImpls.h(143): warning C4018: '<' : signed/unsigned mismatch
     1>c:\users\robert\onedrive\school\university of washington - bothell\css 342\assignments\homework 4\homework 4\SortImpls.h(145): warning C4018: '<' : signed/unsigned mismatch
       Link:
         C:\Program Files (x86)\Microsoft Visual Studio 12.0\VC\bin\link.exe /ERRORREPORT:PROMPT /OUT:"C:\Users\Robert\OneDrive\School\University of Washington - Bothell\CSS 342\Assignments\Homework 4\Release\Homework 4.exe" /INCREMENTAL:NO /NOLOGO kernel32.lib user32.lib gdi32.lib winspool.lib comdlg32.lib advapi32.lib shell32.lib ole32.lib oleaut32.lib uuid.lib odbc32.lib odbccp32.lib /MANIFEST /MANIFESTUAC:"level='asInvoker' uiAccess='false'" /manifest:embed /DEBUG /PDB:"C:\Users\Robert\OneDrive\School\University of Washington - Bothell\CSS 342\Assignments\Homework 4\Release\Homework 4.pdb" /SUBSYSTEM:CONSOLE /OPT:REF /OPT:ICF /LTCG /TLBID:1 /DYNAMICBASE /NXCOMPAT /IMPLIB:"C:\Users\Robert\OneDrive\School\University of Washington - Bothell\CSS 342\Assignments\Homework 4\Release\Homework 4.lib" /MACHINE:X86 /SAFESEH "Release\Homework 4.obj"
         Release\stdafx.obj
         Generating code
         Finished generating code
         Homework 4.vcxproj -> C:\Users\Robert\OneDrive\School\University of Washington - Bothell\CSS 342\Assignments\Homework 4\Release\Homework 4.exe
     1>Done Building Project "C:\Users\Robert\OneDrive\School\University of Washington - Bothell\CSS 342\Assignments\Homework 4\Homework 4\Homework 4.vcxproj" (Build target(s)).

Build succeeded.

Time Elapsed 00:00:01.37
